<?xml version="1.0" encoding="UTF-8"?>
<!-- Generated by org.testng.reporters.JUnitReportReporter -->
<testsuite hostname="DESKTOP-JMKOJCR" failures="0" tests="1" name="com.Ubsidi.Utility.GenerateExtentReports" time="10.461" errors="0" timestamp="2023-10-04T17:38:54 IST" skipped="0">
  <testcase classname="com.Ubsidi.Utility.GenerateExtentReports" name="testGenerateReports" time="10.461"/>
</testsuite> <!-- com.Ubsidi.Utility.GenerateExtentReports -->
