<?xml version="1.0" encoding="UTF-8"?>
<!-- Generated by org.testng.reporters.JUnitReportReporter -->
<testsuite hostname="DESKTOP-JMKOJCR" failures="0" tests="1" name="com.Ubsidi.Dummy.TestClass1" time="0.035" errors="0" timestamp="2023-10-04T15:43:50 IST" skipped="0">
  <testcase classname="com.Ubsidi.Dummy.TestClass1" name="startUp1" time="0.035"/>
</testsuite> <!-- com.Ubsidi.Dummy.TestClass1 -->
