<?xml version="1.0" encoding="UTF-8"?>
<!-- Generated by org.testng.reporters.JUnitReportReporter -->
<testsuite hostname="DESKTOP-JMKOJCR" failures="0" tests="1" name="com.Ubsidi.Dummy.TestClass2" time="0.012" errors="0" timestamp="2023-09-25T11:02:49 IST" skipped="0">
  <testcase classname="com.Ubsidi.Dummy.TestClass2" name="setUp" time="0.012"/>
</testsuite> <!-- com.Ubsidi.Dummy.TestClass2 -->
