<?xml version="1.0" encoding="UTF-8"?>
<!-- Generated by org.testng.reporters.JUnitReportReporter -->
<testsuite hostname="DESKTOP-JMKOJCR" failures="0" tests="3" name="com.Ubsidi.MakeCollectionOrder.CollectionNoPrint" time="39.282" errors="1" timestamp="2023-10-06T20:41:26 IST" skipped="0">
  <testcase classname="com.Ubsidi.MakeCollectionOrder.CollectionNoPrint" name="startScreenRecordings1" time="0.271"/>
  <testcase classname="com.Ubsidi.MakeCollectionOrder.CollectionNoPrint" name="repeatTests" time="38.926">
    <error message="The element &#039;By.id: com.ubsidi:id/tvTitle&#039; does not exist in DOM anymore
For documentation on this error, please visit: https://www.selenium.dev/documentation/webdriver/troubleshooting/errors#stale-element-reference-exception
Build info: version: &#039;4.12.1&#039;, revision: &#039;8e34639b11&#039;
System info: os.name: &#039;Windows 10&#039;, os.arch: &#039;amd64&#039;, os.version: &#039;10.0&#039;, java.version: &#039;11.0.19&#039;
Driver info: io.appium.java_client.android.AndroidDriver
Command: [3a5d36da-b183-4e0a-a442-917907d7ab13, getElementText {id=00000000-0000-0139-ffff-ffff0000034e}]
Capabilities {appium:appActivity: com.ubsidi.epos_2021.activi..., appium:appPackage: com.ubsidi, appium:automationName: uiautomator2, appium:databaseEnabled: false, appium:desired: {appActivity: com.ubsidi.epos_2021.activi..., appPackage: com.ubsidi, automationName: uiautomator2, deviceName: Galaxy Tab A7 Lite, fullReset: false, noReset: true, platformName: ANDROID, platformVersion: 13, udid: R9PT90CWKMZ}, appium:deviceApiLevel: 33, appium:deviceManufacturer: samsung, appium:deviceModel: SM-T220, appium:deviceName: R9PT90CWKMZ, appium:deviceScreenDensity: 213, appium:deviceScreenSize: 1340x800, appium:deviceUDID: R9PT90CWKMZ, appium:fullReset: false, appium:javascriptEnabled: true, appium:locationContextEnabled: false, appium:networkConnectionEnabled: true, appium:noReset: true, appium:pixelRatio: 1.3312501, appium:platformVersion: 13, appium:statBarHeight: 32, appium:takesScreenshot: true, appium:udid: R9PT90CWKMZ, appium:viewportRect: {height: 704, left: 0, top: 32, width: 1340}, appium:warnings: {}, appium:webStorageEnabled: false, platformName: ANDROID}
Element: [[AndroidDriver:  on ANDROID (3a5d36da-b183-4e0a-a442-917907d7ab13)] -&gt; id: com.ubsidi:id/tvTitle]
Session ID: 3a5d36da-b183-4e0a-a442-917907d7ab13" type="org.openqa.selenium.StaleElementReferenceException">
      <![CDATA[org.openqa.selenium.StaleElementReferenceException: The element 'By.id: com.ubsidi:id/tvTitle' does not exist in DOM anymore
For documentation on this error, please visit: https://www.selenium.dev/documentation/webdriver/troubleshooting/errors#stale-element-reference-exception
Build info: version: '4.12.1', revision: '8e34639b11'
System info: os.name: 'Windows 10', os.arch: 'amd64', os.version: '10.0', java.version: '11.0.19'
Driver info: io.appium.java_client.android.AndroidDriver
Command: [3a5d36da-b183-4e0a-a442-917907d7ab13, getElementText {id=00000000-0000-0139-ffff-ffff0000034e}]
Capabilities {appium:appActivity: com.ubsidi.epos_2021.activi..., appium:appPackage: com.ubsidi, appium:automationName: uiautomator2, appium:databaseEnabled: false, appium:desired: {appActivity: com.ubsidi.epos_2021.activi..., appPackage: com.ubsidi, automationName: uiautomator2, deviceName: Galaxy Tab A7 Lite, fullReset: false, noReset: true, platformName: ANDROID, platformVersion: 13, udid: R9PT90CWKMZ}, appium:deviceApiLevel: 33, appium:deviceManufacturer: samsung, appium:deviceModel: SM-T220, appium:deviceName: R9PT90CWKMZ, appium:deviceScreenDensity: 213, appium:deviceScreenSize: 1340x800, appium:deviceUDID: R9PT90CWKMZ, appium:fullReset: false, appium:javascriptEnabled: true, appium:locationContextEnabled: false, appium:networkConnectionEnabled: true, appium:noReset: true, appium:pixelRatio: 1.3312501, appium:platformVersion: 13, appium:statBarHeight: 32, appium:takesScreenshot: true, appium:udid: R9PT90CWKMZ, appium:viewportRect: {height: 704, left: 0, top: 32, width: 1340}, appium:warnings: {}, appium:webStorageEnabled: false, platformName: ANDROID}
Element: [[AndroidDriver:  on ANDROID (3a5d36da-b183-4e0a-a442-917907d7ab13)] -> id: com.ubsidi:id/tvTitle]
Session ID: 3a5d36da-b183-4e0a-a442-917907d7ab13
at java.base/jdk.internal.reflect.NativeConstructorAccessorImpl.newInstance0(Native Method)
at java.base/jdk.internal.reflect.NativeConstructorAccessorImpl.newInstance(NativeConstructorAccessorImpl.java:62)
at java.base/jdk.internal.reflect.DelegatingConstructorAccessorImpl.newInstance(DelegatingConstructorAccessorImpl.java:45)
at java.base/java.lang.reflect.Constructor.newInstance(Constructor.java:490)
at org.openqa.selenium.remote.codec.w3c.W3CHttpResponseCodec.createException(W3CHttpResponseCodec.java:200)
at org.openqa.selenium.remote.codec.w3c.W3CHttpResponseCodec.decode(W3CHttpResponseCodec.java:133)
at org.openqa.selenium.remote.codec.w3c.W3CHttpResponseCodec.decode(W3CHttpResponseCodec.java:52)
at org.openqa.selenium.remote.HttpCommandExecutor.execute(HttpCommandExecutor.java:191)
at io.appium.java_client.remote.AppiumCommandExecutor.execute(AppiumCommandExecutor.java:250)
at org.openqa.selenium.remote.RemoteWebDriver.execute(RemoteWebDriver.java:602)
at org.openqa.selenium.remote.RemoteWebElement.execute(RemoteWebElement.java:224)
at org.openqa.selenium.remote.RemoteWebElement.getText(RemoteWebElement.java:192)
at com.Ubsidi.Utility.MyLibraryAdvance.CollectionCustomerDetailsWithFakeData(MyLibraryAdvance.java:392)
at com.Ubsidi.MakeCollectionOrder.CollectionNoPrint.repeatTests(CollectionNoPrint.java:87)
at java.base/jdk.internal.reflect.NativeMethodAccessorImpl.invoke0(Native Method)
at java.base/jdk.internal.reflect.NativeMethodAccessorImpl.invoke(NativeMethodAccessorImpl.java:62)
at java.base/jdk.internal.reflect.DelegatingMethodAccessorImpl.invoke(DelegatingMethodAccessorImpl.java:43)
at java.base/java.lang.reflect.Method.invoke(Method.java:566)
at org.testng.internal.invokers.MethodInvocationHelper.invokeMethod(MethodInvocationHelper.java:139)
at org.testng.internal.invokers.TestInvoker.invokeMethod(TestInvoker.java:664)
at org.testng.internal.invokers.TestInvoker.invokeTestMethod(TestInvoker.java:227)
at org.testng.internal.invokers.MethodRunner.runInSequence(MethodRunner.java:50)
at org.testng.internal.invokers.TestInvoker$MethodInvocationAgent.invoke(TestInvoker.java:957)
at org.testng.internal.invokers.TestInvoker.invokeTestMethods(TestInvoker.java:200)
at org.testng.internal.invokers.TestMethodWorker.invokeTestMethods(TestMethodWorker.java:148)
at org.testng.internal.invokers.TestMethodWorker.run(TestMethodWorker.java:128)
at java.base/java.util.ArrayList.forEach(ArrayList.java:1541)
at org.testng.TestRunner.privateRun(TestRunner.java:848)
at org.testng.TestRunner.run(TestRunner.java:621)
at org.testng.SuiteRunner.runTest(SuiteRunner.java:443)
at org.testng.SuiteRunner.runSequentially(SuiteRunner.java:437)
at org.testng.SuiteRunner.privateRun(SuiteRunner.java:397)
at org.testng.SuiteRunner.run(SuiteRunner.java:336)
at org.testng.SuiteRunnerWorker.runSuite(SuiteRunnerWorker.java:52)
at org.testng.SuiteRunnerWorker.run(SuiteRunnerWorker.java:95)
at org.testng.TestNG.runSuitesSequentially(TestNG.java:1280)
at org.testng.TestNG.runSuitesLocally(TestNG.java:1200)
at org.testng.TestNG.runSuites(TestNG.java:1114)
at org.testng.TestNG.run(TestNG.java:1082)
at org.testng.remote.AbstractRemoteTestNG.run(AbstractRemoteTestNG.java:115)
at org.testng.remote.RemoteTestNG.initAndRun(RemoteTestNG.java:251)
at org.testng.remote.RemoteTestNG.main(RemoteTestNG.java:77)
]]>
    </error>
  </testcase> <!-- repeatTests -->
  <testcase classname="com.Ubsidi.MakeCollectionOrder.CollectionNoPrint" name="stopScreenRecording1" time="0.085"/>
</testsuite> <!-- com.Ubsidi.MakeCollectionOrder.CollectionNoPrint -->
